{
  "RSpec": {
    "coverage": {
      "/Users/nicoshanstrom/Turing/4mod/prework/tea_me_be/config/environment.rb": {
        "lines": [
          null,
          1,
          null,
          null,
          1
        ]
      },
      "/Users/nicoshanstrom/Turing/4mod/prework/tea_me_be/config/application.rb": {
        "lines": [
          1,
          null,
          1,
          null,
          null,
          null,
          1,
          null,
          1,
          1,
          null,
          1,
          null,
          null,
          null,
          null,
          1,
          null,
          null,
          null,
          null,
          null,
          null,
          null,
          null,
          null,
          null,
          null,
          null,
          1,
          null,
          null
        ]
      },
      "/Users/nicoshanstrom/Turing/4mod/prework/tea_me_be/config/boot.rb": {
        "lines": [
          1,
          null,
          1,
          1
        ]
      },
      "/Users/nicoshanstrom/Turing/4mod/prework/tea_me_be/config/environments/test.rb": {
        "lines": [
          1,
          null,
          null,
          null,
          null,
          null,
          null,
          1,
          null,
          null,
          null,
          1,
          null,
          null,
          null,
          null,
          null,
          1,
          null,
          null,
          1,
          1,
          null,
          null,
          null,
          null,
          1,
          1,
          1,
          null,
          null,
          1,
          null,
          null,
          1,
          null,
          null,
          1,
          null,
          1,
          null,
          null,
          null,
          null,
          1,
          null,
          null,
          1,
          null,
          null,
          1,
          null,
          null,
          1,
          null,
          null,
          null,
          null,
          null,
          null,
          null,
          null,
          1,
          null
        ]
      },
      "/Users/nicoshanstrom/Turing/4mod/prework/tea_me_be/config/initializers/cors.rb": {
        "lines": [
          null,
          null,
          null,
          null,
          null,
          null,
          null,
          null,
          null,
          null,
          null,
          null,
          null,
          null,
          null,
          null
        ]
      },
      "/Users/nicoshanstrom/Turing/4mod/prework/tea_me_be/config/initializers/filter_parameter_logging.rb": {
        "lines": [
          null,
          null,
          null,
          null,
          null,
          1,
          null,
          null
        ]
      },
      "/Users/nicoshanstrom/Turing/4mod/prework/tea_me_be/config/initializers/inflections.rb": {
        "lines": [
          null,
          null,
          null,
          null,
          null,
          null,
          null,
          null,
          null,
          null,
          null,
          null,
          null,
          null,
          null,
          null
        ]
      },
      "/Users/nicoshanstrom/Turing/4mod/prework/tea_me_be/spec/factories/customers.rb": {
        "lines": [
          1,
          1,
          11,
          11,
          11,
          11,
          null,
          null
        ]
      },
      "/Users/nicoshanstrom/Turing/4mod/prework/tea_me_be/spec/factories/subscriptions.rb": {
        "lines": [
          1,
          1,
          1,
          20,
          1,
          20,
          1,
          1,
          null,
          null
        ]
      },
      "/Users/nicoshanstrom/Turing/4mod/prework/tea_me_be/spec/factories/teas.rb": {
        "lines": [
          1,
          1,
          10,
          10,
          10,
          10,
          null,
          null
        ]
      },
      "/Users/nicoshanstrom/Turing/4mod/prework/tea_me_be/config/routes.rb": {
        "lines": [
          1,
          1,
          null,
          null,
          null,
          null,
          null,
          null,
          1,
          1,
          1,
          1,
          null,
          1,
          1,
          null,
          null,
          null
        ]
      },
      "/Users/nicoshanstrom/Turing/4mod/prework/tea_me_be/spec/support/request_spec_helper.rb": {
        "lines": [
          1,
          1,
          16,
          null,
          null
        ]
      },
      "/Users/nicoshanstrom/Turing/4mod/prework/tea_me_be/spec/models/customer_spec.rb": {
        "lines": [
          1,
          null,
          1,
          1,
          2,
          null,
          null,
          1,
          2,
          2,
          2,
          2,
          null,
          1,
          1,
          null,
          null,
          null,
          null,
          null,
          1,
          null,
          null,
          null,
          null,
          null,
          null,
          1,
          1,
          null,
          null,
          null,
          null,
          1,
          1,
          1,
          1,
          1,
          null,
          null,
          null
        ]
      },
      "/Users/nicoshanstrom/Turing/4mod/prework/tea_me_be/app/models/customer.rb": {
        "lines": [
          1,
          1,
          null,
          1,
          1,
          1,
          1,
          null,
          1,
          null,
          1,
          null,
          1,
          12,
          null,
          null,
          null
        ]
      },
      "/Users/nicoshanstrom/Turing/4mod/prework/tea_me_be/app/models/application_record.rb": {
        "lines": [
          1,
          1,
          null
        ]
      },
      "/Users/nicoshanstrom/Turing/4mod/prework/tea_me_be/spec/models/subscription_spec.rb": {
        "lines": [
          1,
          null,
          1,
          1,
          2,
          2,
          null,
          null,
          1,
          2,
          2,
          2,
          2,
          2,
          2,
          2,
          null,
          null
        ]
      },
      "/Users/nicoshanstrom/Turing/4mod/prework/tea_me_be/app/models/subscription.rb": {
        "lines": [
          1,
          1,
          1,
          null,
          1,
          1,
          1,
          1,
          null,
          null
        ]
      },
      "/Users/nicoshanstrom/Turing/4mod/prework/tea_me_be/spec/models/tea_spec.rb": {
        "lines": [
          1,
          null,
          1,
          1,
          2,
          null,
          null,
          1,
          2,
          2,
          2,
          2,
          null,
          null
        ]
      },
      "/Users/nicoshanstrom/Turing/4mod/prework/tea_me_be/app/models/tea.rb": {
        "lines": [
          1,
          1,
          null,
          1,
          1,
          1,
          1,
          null,
          null
        ]
      },
      "/Users/nicoshanstrom/Turing/4mod/prework/tea_me_be/app/controllers/api/v1/subscriptions_controller.rb": {
        "lines": [
          1,
          1,
          4,
          null,
          4,
          2,
          null,
          2,
          null,
          null,
          null,
          1,
          2,
          1,
          1,
          null,
          1,
          null,
          null,
          1,
          1,
          1,
          null,
          0,
          null,
          null,
          1,
          null,
          1,
          4,
          null,
          null
        ]
      },
      "/Users/nicoshanstrom/Turing/4mod/prework/tea_me_be/app/controllers/application_controller.rb": {
        "lines": [
          1,
          1,
          null,
          1,
          2,
          null,
          null
        ]
      },
      "/Users/nicoshanstrom/Turing/4mod/prework/tea_me_be/app/serializers/subscription_serializer.rb": {
        "lines": [
          1,
          1,
          1,
          null,
          1,
          5,
          null,
          null,
          1,
          1,
          null
        ]
      },
      "/Users/nicoshanstrom/Turing/4mod/prework/tea_me_be/app/serializers/customer_serializer.rb": {
        "lines": [
          1,
          1,
          1,
          null
        ]
      },
      "/Users/nicoshanstrom/Turing/4mod/prework/tea_me_be/app/serializers/tea_serializer.rb": {
        "lines": [
          1,
          1,
          1,
          null
        ]
      },
      "/Users/nicoshanstrom/Turing/4mod/prework/tea_me_be/app/controllers/api/v1/customers/subscriptions_controller.rb": {
        "lines": [
          1,
          1,
          2,
          2,
          null,
          null
        ]
      }
    },
    "timestamp": 1719501253
  }
}
